This is pdfTeX, Version 3.14159265-2.6-1.40.15 (TeX Live 2014/Debian) (preloaded format=pdflatex 2015.3.15)  17 APR 2015 11:37
entering extended mode
 restricted \write18 enabled.
 %&-line parsing enabled.
**\nonstopmode \input{thesis.tex}
(./thesis.tex (./thesis.cls
Document Class: thesis 2014/04/16 v1.26 U.Mass. dissertation class
(/usr/share/texlive/texmf-dist/tex/latex/base/report.cls
Document Class: report 2007/10/19 v1.4h Standard LaTeX document class
(/usr/share/texlive/texmf-dist/tex/latex/base/size12.clo
File: size12.clo 2007/10/19 v1.4h Standard LaTeX file (size option)
)
\c@part=\count79
\c@chapter=\count80
\c@section=\count81
\c@subsection=\count82
\c@subsubsection=\count83
\c@paragraph=\count84
\c@subparagraph=\count85
\c@figure=\count86
\c@table=\count87
\abovecaptionskip=\skip41
\belowcaptionskip=\skip42
\bibindent=\dimen102
)
(/usr/share/texlive/texmf-dist/tex/latex/textcase/textcase.sty
Package: textcase 2004/10/07 v0.07 Text only upper/lower case changing (DPC)
)
(/usr/share/texlive/texmf-dist/tex/latex/etoolbox/etoolbox.sty
Package: etoolbox 2011/01/03 v2.1 e-TeX tools for LaTeX

(/usr/share/texlive/texmf-dist/tex/latex/etex-pkg/etex.sty
Package: etex 1998/03/26 v2.0 eTeX basic definition package (PEB)
\et@xins=\count88
)
\etb@tempcnta=\count89
) (./umth12pt.clo
File: umth12pt.clo 1997/09/08 16:03:30 1.3 U.Mass. thesis (size option)
)
\c@count@FrontMatter=\count90
\c@count@Chapter=\count91
\c@count@Appendix=\count92
\c@count@BackMatter=\count93

Patching chapter command 1 succeeded
Patching chapter command 2 succeeded
Patching chapter command 3 succeeded
Appending to chapter command succeeded
\umassthesis@contentshangindent=\skip43
\tablenumberwidth=\skip44
(./umthstd.clo
File: umthstd.clo 2003/10/16 20:56:33 1.12 U.Mass. thesis frontmatter option
)
\umassthesis@basefootnotesep=\skip45
\umassthesis@baseskipfootins=\skip46

Patching footnotetext succeeded
) (/usr/share/texlive/texmf-dist/tex/latex/amsmath/amsmath.sty
Package: amsmath 2013/01/14 v2.14 AMS math features
\@mathmargin=\skip47

For additional information on amsmath, use the `?' option.
(/usr/share/texlive/texmf-dist/tex/latex/amsmath/amstext.sty
Package: amstext 2000/06/29 v2.01

(/usr/share/texlive/texmf-dist/tex/latex/amsmath/amsgen.sty
File: amsgen.sty 1999/11/30 v2.0
\@emptytoks=\toks14
\ex@=\dimen103
))
(/usr/share/texlive/texmf-dist/tex/latex/amsmath/amsbsy.sty
Package: amsbsy 1999/11/29 v1.2d
\pmbraise@=\dimen104
)
(/usr/share/texlive/texmf-dist/tex/latex/amsmath/amsopn.sty
Package: amsopn 1999/12/14 v2.01 operator names
)
\inf@bad=\count94
LaTeX Info: Redefining \frac on input line 210.
\uproot@=\count95
\leftroot@=\count96
LaTeX Info: Redefining \overline on input line 306.
\classnum@=\count97
\DOTSCASE@=\count98
LaTeX Info: Redefining \ldots on input line 378.
LaTeX Info: Redefining \dots on input line 381.
LaTeX Info: Redefining \cdots on input line 466.
\Mathstrutbox@=\box26
\strutbox@=\box27
\big@size=\dimen105
LaTeX Font Info:    Redeclaring font encoding OML on input line 566.
LaTeX Font Info:    Redeclaring font encoding OMS on input line 567.
\macc@depth=\count99
\c@MaxMatrixCols=\count100
\dotsspace@=\muskip10
\c@parentequation=\count101
\dspbrk@lvl=\count102
\tag@help=\toks15
\row@=\count103
\column@=\count104
\maxfields@=\count105
\andhelp@=\toks16
\eqnshift@=\dimen106
\alignsep@=\dimen107
\tagshift@=\dimen108
\tagwidth@=\dimen109
\totwidth@=\dimen110
\lineht@=\dimen111
\@envbody=\toks17
\multlinegap=\skip48
\multlinetaggap=\skip49
\mathdisplay@stack=\toks18
LaTeX Info: Redefining \[ on input line 2665.
LaTeX Info: Redefining \] on input line 2666.
)
(/usr/share/texlive/texmf-dist/tex/latex/graphics/graphicx.sty
Package: graphicx 2014/04/25 v1.0g Enhanced LaTeX Graphics (DPC,SPQR)

(/usr/share/texlive/texmf-dist/tex/latex/graphics/keyval.sty
Package: keyval 2014/05/08 v1.15 key=value parser (DPC)
\KV@toks@=\toks19
)
(/usr/share/texlive/texmf-dist/tex/latex/graphics/graphics.sty
Package: graphics 2009/02/05 v1.0o Standard LaTeX Graphics (DPC,SPQR)

(/usr/share/texlive/texmf-dist/tex/latex/graphics/trig.sty
Package: trig 1999/03/16 v1.09 sin cos tan (DPC)
)
(/usr/share/texlive/texmf-dist/tex/latex/latexconfig/graphics.cfg
File: graphics.cfg 2010/04/23 v1.9 graphics configuration of TeX Live
)
Package graphics Info: Driver file: pdftex.def on input line 91.

(/usr/share/texlive/texmf-dist/tex/latex/pdftex-def/pdftex.def
File: pdftex.def 2011/05/27 v0.06d Graphics/color for pdfTeX

(/usr/share/texlive/texmf-dist/tex/generic/oberdiek/infwarerr.sty
Package: infwarerr 2010/04/08 v1.3 Providing info/warning/error messages (HO)
)
(/usr/share/texlive/texmf-dist/tex/generic/oberdiek/ltxcmds.sty
Package: ltxcmds 2011/11/09 v1.22 LaTeX kernel commands for general use (HO)
)
\Gread@gobject=\count106
))
\Gin@req@height=\dimen112
\Gin@req@width=\dimen113
)
Did not detect hyperref package
(./thesis.aux (./abstract.aux) (./introduction.aux) (./related.aux)
(./method.aux) (./results.aux) (./results2.aux))
\openout1 = `thesis.aux'.

LaTeX Font Info:    Checking defaults for OML/cmm/m/it on input line 110.
LaTeX Font Info:    ... okay on input line 110.
LaTeX Font Info:    Checking defaults for T1/cmr/m/n on input line 110.
LaTeX Font Info:    ... okay on input line 110.
LaTeX Font Info:    Checking defaults for OT1/cmr/m/n on input line 110.
LaTeX Font Info:    ... okay on input line 110.
LaTeX Font Info:    Checking defaults for OMS/cmsy/m/n on input line 110.
LaTeX Font Info:    ... okay on input line 110.
LaTeX Font Info:    Checking defaults for OMX/cmex/m/n on input line 110.
LaTeX Font Info:    ... okay on input line 110.
LaTeX Font Info:    Checking defaults for U/cmr/m/n on input line 110.
LaTeX Font Info:    ... okay on input line 110.

(/usr/share/texlive/texmf-dist/tex/context/base/supp-pdf.mkii
[Loading MPS to PDF converter (version 2006.09.02).]
\scratchcounter=\count107
\scratchdimen=\dimen114
\scratchbox=\box28
\nofMPsegments=\count108
\nofMParguments=\count109
\everyMPshowfont=\toks20
\MPscratchCnt=\count110
\MPscratchDim=\dimen115
\MPnumerator=\count111
\makeMPintoPDFobject=\count112
\everyMPtoPDFconversion=\toks21
) (/usr/share/texlive/texmf-dist/tex/generic/oberdiek/pdftexcmds.sty
Package: pdftexcmds 2011/11/29 v0.20 Utility functions of pdfTeX for LuaTeX (HO
)

(/usr/share/texlive/texmf-dist/tex/generic/oberdiek/ifluatex.sty
Package: ifluatex 2010/03/01 v1.3 Provides the ifluatex switch (HO)
Package ifluatex Info: LuaTeX not detected.
)
(/usr/share/texlive/texmf-dist/tex/generic/oberdiek/ifpdf.sty
Package: ifpdf 2011/01/30 v2.3 Provides the ifpdf switch (HO)
Package ifpdf Info: pdfTeX in PDF mode is detected.
)
Package pdftexcmds Info: LuaTeX not detected.
Package pdftexcmds Info: \pdf@primitive is available.
Package pdftexcmds Info: \pdf@ifprimitive is available.
Package pdftexcmds Info: \pdfdraftmode found.
)
(/usr/share/texlive/texmf-dist/tex/latex/oberdiek/epstopdf-base.sty
Package: epstopdf-base 2010/02/09 v2.5 Base part for package epstopdf

(/usr/share/texlive/texmf-dist/tex/latex/oberdiek/grfext.sty
Package: grfext 2010/08/19 v1.1 Manage graphics extensions (HO)

(/usr/share/texlive/texmf-dist/tex/generic/oberdiek/kvdefinekeys.sty
Package: kvdefinekeys 2011/04/07 v1.3 Define keys (HO)
))
(/usr/share/texlive/texmf-dist/tex/latex/oberdiek/kvoptions.sty
Package: kvoptions 2011/06/30 v3.11 Key value format for package options (HO)

(/usr/share/texlive/texmf-dist/tex/generic/oberdiek/kvsetkeys.sty
Package: kvsetkeys 2012/04/25 v1.16 Key value parser (HO)

(/usr/share/texlive/texmf-dist/tex/generic/oberdiek/etexcmds.sty
Package: etexcmds 2011/02/16 v1.5 Avoid name clashes with e-TeX commands (HO)
Package etexcmds Info: Could not find \expanded.
(etexcmds)             That can mean that you are not using pdfTeX 1.50 or
(etexcmds)             that some package has redefined \expanded.
(etexcmds)             In the latter case, load this package earlier.
)))
Package grfext Info: Graphics extension search list:
(grfext)             [.png,.pdf,.jpg,.mps,.jpeg,.jbig2,.jb2,.PNG,.PDF,.JPG,.JPE
G,.JBIG2,.JB2,.eps]
(grfext)             \AppendGraphicsExtensions on input line 452.

(/usr/share/texlive/texmf-dist/tex/latex/latexconfig/epstopdf-sys.cfg
File: epstopdf-sys.cfg 2010/07/13 v1.3 Configuration of (r)epstopdf for TeX Liv
e
))
[1


{/var/lib/texmf/fonts/map/pdftex/updmap/pdftex.map}]
\openout2 = `abstract.aux'.

 (./abstract.tex
Missing character: There is no ‚ in font cmr12!
Missing character: There is no Ä in font cmr12!
Missing character: There is no ô in font cmr12!
)
[2


]
\openout2 = `introduction.aux'.

 (./introduction.tex
Chapter 1.
Missing character: There is no ‚ in font cmr12!
Missing character: There is no Ä in font cmr12!
Missing character: There is no ú in font cmr12!
Missing character: There is no ‚ in font cmr12!
Missing character: There is no Ä in font cmr12!
Missing character: There is no ù in font cmr12!
Missing character: There is no ‚ in font cmr12!
Missing character: There is no Ä in font cmr12!
Missing character: There is no ú in font cmr12!
Missing character: There is no ‚ in font cmr12!
Missing character: There is no Ä in font cmr12!
Missing character: There is no ù in font cmr12!
[3



]) [4]
\openout2 = `related.aux'.

 (./related.tex
Chapter 2.
[5



]) [6]
\openout2 = `method.aux'.

 (./method.tex
Chapter 3.
[7



] [8] [9] [10]) [11]
\openout2 = `results.aux'.

 (./results.tex
Chapter 4.
<pos_hmm_pred.jpg, id=44, 1003.75pt x 1003.75pt>
File: pos_hmm_pred.jpg Graphic file (type jpg)
 <use pos_hmm_pred.jpg>
Package pdftex.def Info: pos_hmm_pred.jpg used on input line 17.
(pdftex.def)             Requested size: 138.76157pt x 138.7627pt.

<pos_crf_pred.jpg, id=45, 1003.75pt x 1003.75pt>
File: pos_crf_pred.jpg Graphic file (type jpg)
 <use pos_crf_pred.jpg>
Package pdftex.def Info: pos_crf_pred.jpg used on input line 22.
(pdftex.def)             Requested size: 138.76157pt x 138.7627pt.

Underfull \hbox (badness 4132) in paragraph at lines 23--23
[]\OT1/cmr/bx/n/12 Figure 4.2. \OT1/cmr/m/n/12 Cal-i-bra-
 []

<pos_crf_advanced_pred.jpg, id=46, 1003.75pt x 1003.75pt>
File: pos_crf_advanced_pred.jpg Graphic file (type jpg)

<use pos_crf_advanced_pred.jpg>
Package pdftex.def Info: pos_crf_advanced_pred.jpg used on input line 27.
(pdftex.def)             Requested size: 138.76157pt x 138.7627pt.

Underfull \hbox (badness 1924) in paragraph at lines 28--28
\OT1/cmr/m/n/12 curve for CRF-Advanced
 []

[12



] [13 <./pos_hmm_pred.jpg> <./pos_crf_pred.jpg> <./pos_crf_advanced_pred.jpg>] 
<pos_tweet_hmm_pred.jpg, id=54, 1003.75pt x 1003.75pt>
File: pos_tweet_hmm_pred.jpg Graphic file (type jpg)

<use pos_tweet_hmm_pred.jpg>
Package pdftex.def Info: pos_tweet_hmm_pred.jpg used on input line 48.
(pdftex.def)             Requested size: 138.76157pt x 138.7627pt.

Underfull \hbox (badness 4132) in paragraph at lines 49--49
[]\OT1/cmr/bx/n/12 Figure 4.4. \OT1/cmr/m/n/12 Cal-i-bra-
 []

<pos_tweet_crf_pred.jpg, id=55, 1003.75pt x 1003.75pt>
File: pos_tweet_crf_pred.jpg Graphic file (type jpg)

<use pos_tweet_crf_pred.jpg>
Package pdftex.def Info: pos_tweet_crf_pred.jpg used on input line 53.
(pdftex.def)             Requested size: 138.76157pt x 138.7627pt.

<pos_tweet_crf_advanced_pred.jpg, id=56, 1003.75pt x 1003.75pt>
File: pos_tweet_crf_advanced_pred.jpg Graphic file (type jpg)

<use pos_tweet_crf_advanced_pred.jpg>
Package pdftex.def Info: pos_tweet_crf_advanced_pred.jpg used on input line 58.

(pdftex.def)             Requested size: 138.76157pt x 138.7627pt.

Underfull \hbox (badness 1924) in paragraph at lines 59--59
\OT1/cmr/m/n/12 curve for CRF-Advanced
 []

) [14 <./pos_tweet_hmm_pred.jpg> <./pos_tweet_crf_pred.jpg> <./pos_tweet_crf_ad
vanced_pred.jpg>]
\openout2 = `results2.aux'.

 (./results2.tex [15


]) [16]
Chapter 5.

LaTeX Warning: \oval, \circle, or \line size unavailable on input line 268.


LaTeX Warning: \oval, \circle, or \line size unavailable on input line 352.

[1



] [2] [3] [4] [5] [6]
Chapter 6.
[7

]
Chapter 7.
[8

]
Appendix A.
[9

]
Appendix B.
(./thesis.bbl [10

]) [11

] (./thesis.aux (./abstract.aux) (./introduction.aux)
(./related.aux) (./method.aux) (./results.aux) (./results2.aux)) ) 
Here is how much of TeX's memory you used:
 2776 strings out of 493104
 37211 string characters out of 6136932
 108695 words of memory out of 5000000
 6161 multiletter control sequences out of 15000+600000
 9400 words of font info for 35 fonts, out of 8000000 for 9000
 1141 hyphenation exceptions out of 8191
 38i,9n,23p,1182b,267s stack positions out of 5000i,500n,10000p,200000b,80000s
</usr/share/t
exlive/texmf-dist/fonts/type1/public/amsfonts/cm/cmbx12.pfb></usr/share/texlive
/texmf-dist/fonts/type1/public/amsfonts/cm/cmex10.pfb></usr/share/texlive/texmf
-dist/fonts/type1/public/amsfonts/cm/cmmi12.pfb></usr/share/texlive/texmf-dist/
fonts/type1/public/amsfonts/cm/cmmi8.pfb></usr/share/texlive/texmf-dist/fonts/t
ype1/public/amsfonts/cm/cmr10.pfb></usr/share/texlive/texmf-dist/fonts/type1/pu
blic/amsfonts/cm/cmr12.pfb></usr/share/texlive/texmf-dist/fonts/type1/public/am
sfonts/cm/cmr7.pfb></usr/share/texlive/texmf-dist/fonts/type1/public/amsfonts/c
m/cmr8.pfb></usr/share/texlive/texmf-dist/fonts/type1/public/amsfonts/cm/cmsy10
.pfb></usr/share/texlive/texmf-dist/fonts/type1/public/amsfonts/cm/cmti12.pfb><
/usr/share/texlive/texmf-dist/fonts/type1/public/amsfonts/cm/cmtt10.pfb></usr/s
hare/texlive/texmf-dist/fonts/type1/public/amsfonts/cm/cmtt12.pfb></usr/share/t
exlive/texmf-dist/fonts/type1/public/amsfonts/latxfont/lcircle1.pfb>
Output written on thesis.pdf (27 pages, 467458 bytes).
PDF statistics:
 149 PDF objects out of 1000 (max. 8388607)
 100 compressed objects within 1 object stream
 0 named destinations out of 1000 (max. 500000)
 31 words of extra memory for PDF output out of 10000 (max. 10000000)

